This is pdfTeX, Version 3.1415926-2.4-1.40.13 (TeX Live 2012/Arch Linux) (format=pdflatex 2013.3.18)  14 MAY 2013 23:52
entering extended mode
 restricted \write18 enabled.
 %&-line parsing enabled.
**"SSL Project.tex"
(./SSL Project.tex
LaTeX2e <2011/06/27>
Babel <v3.8m> and hyphenation patterns for english, dumylang, nohyphenation, ge
rman-x-2012-05-30, ngerman-x-2012-05-30, afrikaans, ancientgreek, ibycus, arabi
c, armenian, basque, bulgarian, catalan, pinyin, coptic, croatian, czech, danis
h, dutch, ukenglish, usenglishmax, esperanto, estonian, ethiopic, farsi, finnis
h, french, friulan, galician, german, ngerman, swissgerman, monogreek, greek, h
ungarian, icelandic, assamese, bengali, gujarati, hindi, kannada, malayalam, ma
rathi, oriya, panjabi, tamil, telugu, indonesian, interlingua, irish, italian, 
kurmanji, latin, latvian, lithuanian, mongolian, mongolianlmc, bokmal, nynorsk,
 polish, portuguese, romanian, romansh, russian, sanskrit, serbian, serbianc, s
lovak, slovenian, spanish, swedish, turkish, turkmen, ukrainian, uppersorbian, 
welsh, loaded.
(/usr/share/texmf-dist/tex/latex/base/article.cls
Document Class: article 2007/10/19 v1.4h Standard LaTeX document class
(/usr/share/texmf-dist/tex/latex/base/size12.clo
File: size12.clo 2007/10/19 v1.4h Standard LaTeX file (size option)
)
\c@part=\count79
\c@section=\count80
\c@subsection=\count81
\c@subsubsection=\count82
\c@paragraph=\count83
\c@subparagraph=\count84
\c@figure=\count85
\c@table=\count86
\abovecaptionskip=\skip41
\belowcaptionskip=\skip42
\bibindent=\dimen102
)
(/usr/share/texmf-dist/tex/latex/geometry/geometry.sty
Package: geometry 2010/09/12 v5.6 Page Geometry

(/usr/share/texmf-dist/tex/latex/graphics/keyval.sty
Package: keyval 1999/03/16 v1.13 key=value parser (DPC)
\KV@toks@=\toks14
)
(/usr/share/texmf-dist/tex/generic/oberdiek/ifpdf.sty
Package: ifpdf 2011/01/30 v2.3 Provides the ifpdf switch (HO)
Package ifpdf Info: pdfTeX in PDF mode is detected.
)
(/usr/share/texmf-dist/tex/generic/oberdiek/ifvtex.sty
Package: ifvtex 2010/03/01 v1.5 Detect VTeX and its facilities (HO)
Package ifvtex Info: VTeX not detected.
)
(/usr/share/texmf-dist/tex/generic/ifxetex/ifxetex.sty
Package: ifxetex 2010/09/12 v0.6 Provides ifxetex conditional
)
\Gm@cnth=\count87
\Gm@cntv=\count88
\c@Gm@tempcnt=\count89
\Gm@bindingoffset=\dimen103
\Gm@wd@mp=\dimen104
\Gm@odd@mp=\dimen105
\Gm@even@mp=\dimen106
\Gm@layoutwidth=\dimen107
\Gm@layoutheight=\dimen108
\Gm@layouthoffset=\dimen109
\Gm@layoutvoffset=\dimen110
\Gm@dimlist=\toks15
)
(/usr/share/texmf-dist/tex/latex/base/inputenc.sty
Package: inputenc 2008/03/30 v1.1d Input encoding file
\inpenc@prehook=\toks16
\inpenc@posthook=\toks17

(/usr/share/texmf-dist/tex/latex/base/utf8.def
File: utf8.def 2008/04/05 v1.1m UTF-8 support for inputenc
Now handling font encoding OML ...
... no UTF-8 mapping file for font encoding OML
Now handling font encoding T1 ...
... processing UTF-8 mapping file for font encoding T1

(/usr/share/texmf-dist/tex/latex/base/t1enc.dfu
File: t1enc.dfu 2008/04/05 v1.1m UTF-8 support for inputenc
   defining Unicode char U+00A1 (decimal 161)
   defining Unicode char U+00A3 (decimal 163)
   defining Unicode char U+00AB (decimal 171)
   defining Unicode char U+00BB (decimal 187)
   defining Unicode char U+00BF (decimal 191)
   defining Unicode char U+00C0 (decimal 192)
   defining Unicode char U+00C1 (decimal 193)
   defining Unicode char U+00C2 (decimal 194)
   defining Unicode char U+00C3 (decimal 195)
   defining Unicode char U+00C4 (decimal 196)
   defining Unicode char U+00C5 (decimal 197)
   defining Unicode char U+00C6 (decimal 198)
   defining Unicode char U+00C7 (decimal 199)
   defining Unicode char U+00C8 (decimal 200)
   defining Unicode char U+00C9 (decimal 201)
   defining Unicode char U+00CA (decimal 202)
   defining Unicode char U+00CB (decimal 203)
   defining Unicode char U+00CC (decimal 204)
   defining Unicode char U+00CD (decimal 205)
   defining Unicode char U+00CE (decimal 206)
   defining Unicode char U+00CF (decimal 207)
   defining Unicode char U+00D0 (decimal 208)
   defining Unicode char U+00D1 (decimal 209)
   defining Unicode char U+00D2 (decimal 210)
   defining Unicode char U+00D3 (decimal 211)
   defining Unicode char U+00D4 (decimal 212)
   defining Unicode char U+00D5 (decimal 213)
   defining Unicode char U+00D6 (decimal 214)
   defining Unicode char U+00D8 (decimal 216)
   defining Unicode char U+00D9 (decimal 217)
   defining Unicode char U+00DA (decimal 218)
   defining Unicode char U+00DB (decimal 219)
   defining Unicode char U+00DC (decimal 220)
   defining Unicode char U+00DD (decimal 221)
   defining Unicode char U+00DE (decimal 222)
   defining Unicode char U+00DF (decimal 223)
   defining Unicode char U+00E0 (decimal 224)
   defining Unicode char U+00E1 (decimal 225)
   defining Unicode char U+00E2 (decimal 226)
   defining Unicode char U+00E3 (decimal 227)
   defining Unicode char U+00E4 (decimal 228)
   defining Unicode char U+00E5 (decimal 229)
   defining Unicode char U+00E6 (decimal 230)
   defining Unicode char U+00E7 (decimal 231)
   defining Unicode char U+00E8 (decimal 232)
   defining Unicode char U+00E9 (decimal 233)
   defining Unicode char U+00EA (decimal 234)
   defining Unicode char U+00EB (decimal 235)
   defining Unicode char U+00EC (decimal 236)
   defining Unicode char U+00ED (decimal 237)
   defining Unicode char U+00EE (decimal 238)
   defining Unicode char U+00EF (decimal 239)
   defining Unicode char U+00F0 (decimal 240)
   defining Unicode char U+00F1 (decimal 241)
   defining Unicode char U+00F2 (decimal 242)
   defining Unicode char U+00F3 (decimal 243)
   defining Unicode char U+00F4 (decimal 244)
   defining Unicode char U+00F5 (decimal 245)
   defining Unicode char U+00F6 (decimal 246)
   defining Unicode char U+00F8 (decimal 248)
   defining Unicode char U+00F9 (decimal 249)
   defining Unicode char U+00FA (decimal 250)
   defining Unicode char U+00FB (decimal 251)
   defining Unicode char U+00FC (decimal 252)
   defining Unicode char U+00FD (decimal 253)
   defining Unicode char U+00FE (decimal 254)
   defining Unicode char U+00FF (decimal 255)
   defining Unicode char U+0102 (decimal 258)
   defining Unicode char U+0103 (decimal 259)
   defining Unicode char U+0104 (decimal 260)
   defining Unicode char U+0105 (decimal 261)
   defining Unicode char U+0106 (decimal 262)
   defining Unicode char U+0107 (decimal 263)
   defining Unicode char U+010C (decimal 268)
   defining Unicode char U+010D (decimal 269)
   defining Unicode char U+010E (decimal 270)
   defining Unicode char U+010F (decimal 271)
   defining Unicode char U+0110 (decimal 272)
   defining Unicode char U+0111 (decimal 273)
   defining Unicode char U+0118 (decimal 280)
   defining Unicode char U+0119 (decimal 281)
   defining Unicode char U+011A (decimal 282)
   defining Unicode char U+011B (decimal 283)
   defining Unicode char U+011E (decimal 286)
   defining Unicode char U+011F (decimal 287)
   defining Unicode char U+0130 (decimal 304)
   defining Unicode char U+0131 (decimal 305)
   defining Unicode char U+0132 (decimal 306)
   defining Unicode char U+0133 (decimal 307)
   defining Unicode char U+0139 (decimal 313)
   defining Unicode char U+013A (decimal 314)
   defining Unicode char U+013D (decimal 317)
   defining Unicode char U+013E (decimal 318)
   defining Unicode char U+0141 (decimal 321)
   defining Unicode char U+0142 (decimal 322)
   defining Unicode char U+0143 (decimal 323)
   defining Unicode char U+0144 (decimal 324)
   defining Unicode char U+0147 (decimal 327)
   defining Unicode char U+0148 (decimal 328)
   defining Unicode char U+014A (decimal 330)
   defining Unicode char U+014B (decimal 331)
   defining Unicode char U+0150 (decimal 336)
   defining Unicode char U+0151 (decimal 337)
   defining Unicode char U+0152 (decimal 338)
   defining Unicode char U+0153 (decimal 339)
   defining Unicode char U+0154 (decimal 340)
   defining Unicode char U+0155 (decimal 341)
   defining Unicode char U+0158 (decimal 344)
   defining Unicode char U+0159 (decimal 345)
   defining Unicode char U+015A (decimal 346)
   defining Unicode char U+015B (decimal 347)
   defining Unicode char U+015E (decimal 350)
   defining Unicode char U+015F (decimal 351)
   defining Unicode char U+0160 (decimal 352)
   defining Unicode char U+0161 (decimal 353)
   defining Unicode char U+0162 (decimal 354)
   defining Unicode char U+0163 (decimal 355)
   defining Unicode char U+0164 (decimal 356)
   defining Unicode char U+0165 (decimal 357)
   defining Unicode char U+016E (decimal 366)
   defining Unicode char U+016F (decimal 367)
   defining Unicode char U+0170 (decimal 368)
   defining Unicode char U+0171 (decimal 369)
   defining Unicode char U+0178 (decimal 376)
   defining Unicode char U+0179 (decimal 377)
   defining Unicode char U+017A (decimal 378)
   defining Unicode char U+017B (decimal 379)
   defining Unicode char U+017C (decimal 380)
   defining Unicode char U+017D (decimal 381)
   defining Unicode char U+017E (decimal 382)
   defining Unicode char U+200C (decimal 8204)
   defining Unicode char U+2013 (decimal 8211)
   defining Unicode char U+2014 (decimal 8212)
   defining Unicode char U+2018 (decimal 8216)
   defining Unicode char U+2019 (decimal 8217)
   defining Unicode char U+201A (decimal 8218)
   defining Unicode char U+201C (decimal 8220)
   defining Unicode char U+201D (decimal 8221)
   defining Unicode char U+201E (decimal 8222)
   defining Unicode char U+2030 (decimal 8240)
   defining Unicode char U+2031 (decimal 8241)
   defining Unicode char U+2039 (decimal 8249)
   defining Unicode char U+203A (decimal 8250)
   defining Unicode char U+2423 (decimal 9251)
)
Now handling font encoding OT1 ...
... processing UTF-8 mapping file for font encoding OT1

(/usr/share/texmf-dist/tex/latex/base/ot1enc.dfu
File: ot1enc.dfu 2008/04/05 v1.1m UTF-8 support for inputenc
   defining Unicode char U+00A1 (decimal 161)
   defining Unicode char U+00A3 (decimal 163)
   defining Unicode char U+00B8 (decimal 184)
   defining Unicode char U+00BF (decimal 191)
   defining Unicode char U+00C5 (decimal 197)
   defining Unicode char U+00C6 (decimal 198)
   defining Unicode char U+00D8 (decimal 216)
   defining Unicode char U+00DF (decimal 223)
   defining Unicode char U+00E6 (decimal 230)
   defining Unicode char U+00EC (decimal 236)
   defining Unicode char U+00ED (decimal 237)
   defining Unicode char U+00EE (decimal 238)
   defining Unicode char U+00EF (decimal 239)
   defining Unicode char U+00F8 (decimal 248)
   defining Unicode char U+0131 (decimal 305)
   defining Unicode char U+0141 (decimal 321)
   defining Unicode char U+0142 (decimal 322)
   defining Unicode char U+0152 (decimal 338)
   defining Unicode char U+0153 (decimal 339)
   defining Unicode char U+2013 (decimal 8211)
   defining Unicode char U+2014 (decimal 8212)
   defining Unicode char U+2018 (decimal 8216)
   defining Unicode char U+2019 (decimal 8217)
   defining Unicode char U+201C (decimal 8220)
   defining Unicode char U+201D (decimal 8221)
)
Now handling font encoding OMS ...
... processing UTF-8 mapping file for font encoding OMS

(/usr/share/texmf-dist/tex/latex/base/omsenc.dfu
File: omsenc.dfu 2008/04/05 v1.1m UTF-8 support for inputenc
   defining Unicode char U+00A7 (decimal 167)
   defining Unicode char U+00B6 (decimal 182)
   defining Unicode char U+00B7 (decimal 183)
   defining Unicode char U+2020 (decimal 8224)
   defining Unicode char U+2021 (decimal 8225)
   defining Unicode char U+2022 (decimal 8226)
)
Now handling font encoding OMX ...
... no UTF-8 mapping file for font encoding OMX
Now handling font encoding U ...
... no UTF-8 mapping file for font encoding U
   defining Unicode char U+00A9 (decimal 169)
   defining Unicode char U+00AA (decimal 170)
   defining Unicode char U+00AE (decimal 174)
   defining Unicode char U+00BA (decimal 186)
   defining Unicode char U+02C6 (decimal 710)
   defining Unicode char U+02DC (decimal 732)
   defining Unicode char U+200C (decimal 8204)
   defining Unicode char U+2026 (decimal 8230)
   defining Unicode char U+2122 (decimal 8482)
   defining Unicode char U+2423 (decimal 9251)
))
(/usr/share/texmf-dist/tex/latex/graphics/graphicx.sty
Package: graphicx 1999/02/16 v1.0f Enhanced LaTeX Graphics (DPC,SPQR)

(/usr/share/texmf-dist/tex/latex/graphics/graphics.sty
Package: graphics 2009/02/05 v1.0o Standard LaTeX Graphics (DPC,SPQR)

(/usr/share/texmf-dist/tex/latex/graphics/trig.sty
Package: trig 1999/03/16 v1.09 sin cos tan (DPC)
)
(/usr/share/texmf-dist/tex/latex/latexconfig/graphics.cfg
File: graphics.cfg 2010/04/23 v1.9 graphics configuration of TeX Live
)
Package graphics Info: Driver file: pdftex.def on input line 91.

(/usr/share/texmf-dist/tex/latex/pdftex-def/pdftex.def
File: pdftex.def 2011/05/27 v0.06d Graphics/color for pdfTeX

(/usr/share/texmf-dist/tex/generic/oberdiek/infwarerr.sty
Package: infwarerr 2010/04/08 v1.3 Providing info/warning/error messages (HO)
)
(/usr/share/texmf-dist/tex/generic/oberdiek/ltxcmds.sty
Package: ltxcmds 2011/11/09 v1.22 LaTeX kernel commands for general use (HO)
)
\Gread@gobject=\count90
))
\Gin@req@height=\dimen111
\Gin@req@width=\dimen112
)
(/usr/share/texmf-dist/tex/latex/float/float.sty
Package: float 2001/11/08 v1.3d Float enhancements (AL)
\c@float@type=\count91
\float@exts=\toks18
\float@box=\box26
\@float@everytoks=\toks19
\@floatcapt=\box27
)
(/usr/share/texmf-dist/tex/latex/wrapfig/wrapfig.sty
\wrapoverhang=\dimen113
\WF@size=\dimen114
\c@WF@wrappedlines=\count92
\WF@box=\box28
\WF@everypar=\toks20
Package: wrapfig 2003/01/31  v 3.6
)
(/usr/share/texmf-dist/tex/latex/cite/cite.sty
LaTeX Info: Redefining \cite on input line 302.
LaTeX Info: Redefining \nocite on input line 373.
Package: cite 2010/09/10  v 5.3
)
(/usr/share/texmf-dist/tex/latex/url/url.sty
\Urlmuskip=\muskip10
Package: url 2006/04/12  ver 3.3  Verb mode for urls, etc.
)
(/usr/share/texmf-dist/tex/latex/pdfpages/pdfpages.sty
Package: pdfpages 2012/08/31 v0.4t Insert pages of external PDF documents (AM)

(/usr/share/texmf-dist/tex/latex/base/ifthen.sty
Package: ifthen 2001/05/26 v1.1c Standard LaTeX ifthen package (DPC)
)
(/usr/share/texmf-dist/tex/latex/tools/calc.sty
Package: calc 2007/08/22 v4.3 Infix arithmetic (KKT,FJ)
\calc@Acount=\count93
\calc@Bcount=\count94
\calc@Adimen=\dimen115
\calc@Bdimen=\dimen116
\calc@Askip=\skip43
\calc@Bskip=\skip44
LaTeX Info: Redefining \setlength on input line 76.
LaTeX Info: Redefining \addtolength on input line 77.
\calc@Ccount=\count95
\calc@Cskip=\skip45
)
(/usr/share/texmf-dist/tex/latex/eso-pic/eso-pic.sty
Package: eso-pic 2010/10/06 v2.0c eso-pic (RN)

(/usr/share/texmf-dist/tex/generic/oberdiek/atbegshi.sty
Package: atbegshi 2011/10/05 v1.16 At begin shipout hook (HO)
)
(/usr/share/texmf-dist/tex/latex/xcolor/xcolor.sty
Package: xcolor 2007/01/21 v2.11 LaTeX color extensions (UK)

(/usr/share/texmf-dist/tex/latex/latexconfig/color.cfg
File: color.cfg 2007/01/18 v1.5 color configuration of teTeX/TeXLive
)
Package xcolor Info: Driver file: pdftex.def on input line 225.
Package xcolor Info: Model `cmy' substituted by `cmy0' on input line 1337.
Package xcolor Info: Model `hsb' substituted by `rgb' on input line 1341.
Package xcolor Info: Model `RGB' extended on input line 1353.
Package xcolor Info: Model `HTML' substituted by `rgb' on input line 1355.
Package xcolor Info: Model `Hsb' substituted by `hsb' on input line 1356.
Package xcolor Info: Model `tHsb' substituted by `hsb' on input line 1357.
Package xcolor Info: Model `HSB' substituted by `hsb' on input line 1358.
Package xcolor Info: Model `Gray' substituted by `gray' on input line 1359.
Package xcolor Info: Model `wave' substituted by `hsb' on input line 1360.
))
(/usr/share/texmf-dist/tex/latex/pdfpages/pppdftex.def
File: pppdftex.def 2012/08/31 v0.4t Pdfpages driver for pdfTeX (AM)
)
\AM@pagebox=\box29
\AM@toc@title=\toks21
\c@AM@survey=\count96
\AM@templatesizebox=\box30
)
(/usr/share/texmf-dist/tex/latex/supertabular/supertabular.sty
Package: supertabular 2004/02/20 v4.1e the supertabular environment
\c@tracingst=\count97
\ST@wd=\dimen117
\ST@rightskip=\skip46
\ST@leftskip=\skip47
\ST@parfillskip=\skip48
\ST@pageleft=\dimen118
\ST@headht=\dimen119
\ST@tailht=\dimen120
\ST@pagesofar=\dimen121
\ST@pboxht=\dimen122
\ST@lineht=\dimen123
\ST@stretchht=\dimen124
\ST@prevht=\dimen125
\ST@toadd=\dimen126
\ST@dimen=\dimen127
\ST@pbox=\box31
)
(/usr/share/texmf-dist/tex/latex/tocbibind/tocbibind.sty
Package: tocbibind 2010/10/13 v1.5k extra ToC listings
Package tocbibind Info: The document has section divisions on input line 50.


Package tocbibind Note: Using section or other style headings.

) (/usr/share/texmf-dist/tex/latex/parskip/parskip.sty
Package: parskip 2001/04/09 non-zero parskip adjustments
)
(/usr/share/texmf-dist/tex/latex/lipsum/lipsum.sty
Package: lipsum 2011/04/14 v1.2 150 paragraphs of Lorem Ipsum dummy text
\c@lips@count=\count98
)
(/usr/share/texmf-dist/tex/latex/tools/array.sty
Package: array 2008/09/09 v2.4c Tabular extension package (FMi)
\col@sep=\dimen128
\extrarowheight=\dimen129
\NC@list=\toks22
\extratabsurround=\skip49
\backup@length=\skip50
) (./SSL Project.aux
(./Introduction.aux) (./Short_Description.aux) (./Global_Description.aux)
(./Certificate_Authority.aux) (./Bit_Level_Description.aux)
(./Analysis_Of_Recording.aux

LaTeX Warning: Label `fig:speciation' multiply defined.


LaTeX Warning: Label `fig:speciation' multiply defined.


LaTeX Warning: Label `fig:speciation' multiply defined.


LaTeX Warning: Label `fig:speciation' multiply defined.


LaTeX Warning: Label `fig:speciation' multiply defined.


LaTeX Warning: Label `fig:speciation' multiply defined.


LaTeX Warning: Label `fig:speciation' multiply defined.


LaTeX Warning: Label `fig:speciation' multiply defined.


LaTeX Warning: Label `fig:speciation' multiply defined.


LaTeX Warning: Label `fig:speciation' multiply defined.


LaTeX Warning: Label `fig:speciation' multiply defined.


LaTeX Warning: Label `fig:speciation' multiply defined.


LaTeX Warning: Label `fig:speciation' multiply defined.


LaTeX Warning: Label `fig:speciation' multiply defined.


LaTeX Warning: Label `fig:speciation' multiply defined.


LaTeX Warning: Label `fig:speciation' multiply defined.


LaTeX Warning: Label `fig:speciation' multiply defined.


LaTeX Warning: Label `fig:speciation' multiply defined.


LaTeX Warning: Label `fig:speciation' multiply defined.


LaTeX Warning: Label `fig:speciation' multiply defined.


LaTeX Warning: Label `fig:speciation' multiply defined.


LaTeX Warning: Label `fig:speciation' multiply defined.


LaTeX Warning: Label `fig:speciation' multiply defined.

) (./Attacks_Against_SSL.aux) (./Graphical_Representation.aux

LaTeX Warning: Label `fig:speciation' multiply defined.


LaTeX Warning: Label `fig:speciation' multiply defined.


LaTeX Warning: Label `fig:speciation' multiply defined.


LaTeX Warning: Label `fig:speciation' multiply defined.


LaTeX Warning: Label `fig:speciation' multiply defined.


LaTeX Warning: Label `fig:speciation' multiply defined.

))
\openout1 = `"SSL Project.aux"'.

LaTeX Font Info:    Checking defaults for OML/cmm/m/it on input line 57.
LaTeX Font Info:    ... okay on input line 57.
LaTeX Font Info:    Checking defaults for T1/cmr/m/n on input line 57.
LaTeX Font Info:    ... okay on input line 57.
LaTeX Font Info:    Checking defaults for OT1/cmr/m/n on input line 57.
LaTeX Font Info:    ... okay on input line 57.
LaTeX Font Info:    Checking defaults for OMS/cmsy/m/n on input line 57.
LaTeX Font Info:    ... okay on input line 57.
LaTeX Font Info:    Checking defaults for OMX/cmex/m/n on input line 57.
LaTeX Font Info:    ... okay on input line 57.
LaTeX Font Info:    Checking defaults for U/cmr/m/n on input line 57.
LaTeX Font Info:    ... okay on input line 57.

*geometry* driver: auto-detecting
*geometry* detected driver: pdftex
*geometry* verbose mode - [ preamble ] result:
* driver: pdftex
* paper: a4paper
* layout: <same size as paper>
* layoutoffset:(h,v)=(0.0pt,0.0pt)
* modes: 
* h-part:(L,W,R)=(89.62709pt, 418.25368pt, 89.6271pt)
* v-part:(T,H,B)=(101.40665pt, 591.5302pt, 152.11pt)
* \paperwidth=597.50787pt
* \paperheight=845.04684pt
* \textwidth=418.25368pt
* \textheight=591.5302pt
* \oddsidemargin=17.3571pt
* \evensidemargin=17.3571pt
* \topmargin=-7.86334pt
* \headheight=12.0pt
* \headsep=25.0pt
* \topskip=12.0pt
* \footskip=30.0pt
* \marginparwidth=44.0pt
* \marginparsep=10.0pt
* \columnsep=10.0pt
* \skip\footins=10.8pt plus 4.0pt minus 2.0pt
* \hoffset=0.0pt
* \voffset=0.0pt
* \mag=1000
* \@twocolumnfalse
* \@twosidefalse
* \@mparswitchfalse
* \@reversemarginfalse
* (1in=72.27pt=25.4mm, 1cm=28.453pt)

(/usr/share/texmf-dist/tex/context/base/supp-pdf.mkii
[Loading MPS to PDF converter (version 2006.09.02).]
\scratchcounter=\count99
\scratchdimen=\dimen130
\scratchbox=\box32
\nofMPsegments=\count100
\nofMParguments=\count101
\everyMPshowfont=\toks23
\MPscratchCnt=\count102
\MPscratchDim=\dimen131
\MPnumerator=\count103
\makeMPintoPDFobject=\count104
\everyMPtoPDFconversion=\toks24
) (/usr/share/texmf-dist/tex/generic/oberdiek/pdftexcmds.sty
Package: pdftexcmds 2011/11/29 v0.20 Utility functions of pdfTeX for LuaTeX (HO
)

(/usr/share/texmf-dist/tex/generic/oberdiek/ifluatex.sty
Package: ifluatex 2010/03/01 v1.3 Provides the ifluatex switch (HO)
Package ifluatex Info: LuaTeX not detected.
)
Package pdftexcmds Info: LuaTeX not detected.
Package pdftexcmds Info: \pdf@primitive is available.
Package pdftexcmds Info: \pdf@ifprimitive is available.
Package pdftexcmds Info: \pdfdraftmode found.
)
(/usr/share/texmf-dist/tex/latex/oberdiek/epstopdf-base.sty
Package: epstopdf-base 2010/02/09 v2.5 Base part for package epstopdf

(/usr/share/texmf-dist/tex/latex/oberdiek/grfext.sty
Package: grfext 2010/08/19 v1.1 Manage graphics extensions (HO)

(/usr/share/texmf-dist/tex/generic/oberdiek/kvdefinekeys.sty
Package: kvdefinekeys 2011/04/07 v1.3 Define keys (HO)
))
(/usr/share/texmf-dist/tex/latex/oberdiek/kvoptions.sty
Package: kvoptions 2011/06/30 v3.11 Key value format for package options (HO)

(/usr/share/texmf-dist/tex/generic/oberdiek/kvsetkeys.sty
Package: kvsetkeys 2012/04/25 v1.16 Key value parser (HO)

(/usr/share/texmf-dist/tex/generic/oberdiek/etexcmds.sty
Package: etexcmds 2011/02/16 v1.5 Avoid name clashes with e-TeX commands (HO)
Package etexcmds Info: Could not find \expanded.
(etexcmds)             That can mean that you are not using pdfTeX 1.50 or
(etexcmds)             that some package has redefined \expanded.
(etexcmds)             In the latter case, load this package earlier.
)))
Package grfext Info: Graphics extension search list:
(grfext)             [.png,.pdf,.jpg,.mps,.jpeg,.jbig2,.jb2,.PNG,.PDF,.JPG,.JPE
G,.JBIG2,.JB2,.eps]
(grfext)             \AppendGraphicsExtensions on input line 452.

(/usr/share/texmf-dist/tex/latex/latexconfig/epstopdf-sys.cfg
File: epstopdf-sys.cfg 2010/07/13 v1.3 Configuration of (r)epstopdf for TeX Liv
e
))
\AtBeginShipoutBox=\box33

<Logo.png, id=1, 97.8054pt x 97.8054pt>
File: Logo.png Graphic file (type png)
 <use Logo.png>
Package pdftex.def Info: Logo.png used on input line 69.
(pdftex.def)             Requested size: 90.33723pt x 90.33723pt.
LaTeX Font Info:    External font `cmex10' loaded for size
(Font)              <12> on input line 85.
LaTeX Font Info:    External font `cmex10' loaded for size
(Font)              <8> on input line 85.
LaTeX Font Info:    External font `cmex10' loaded for size
(Font)              <6> on input line 85.
 [1

{/var/lib/texmf/fonts/map/pdftex/updmap/pdftex.map} <./Logo.png>] (./SSL Projec
t.toc [1])
\tf@toc=\write3
\openout3 = `"SSL Project.toc"'.

 [2]
\openout2 = `Introduction.aux'.


(./Introduction.tex

LaTeX Warning: Citation `sslHist' on page 3 undefined on input line 5.


LaTeX Warning: Citation `sslv2' on page 3 undefined on input line 6.


LaTeX Warning: Citation `eHowSSL' on page 3 undefined on input line 7.


LaTeX Warning: Citation `sslHist' on page 3 undefined on input line 7.


LaTeX Warning: Citation `oracleIntro' on page 3 undefined on input line 11.


LaTeX Warning: Citation `ibmIntro' on page 3 undefined on input line 12.


LaTeX Warning: Citation `oracleIntro' on page 3 undefined on input line 13.


LaTeX Warning: Citation `how2ssl' on page 3 undefined on input line 14.

) [3

] [4]
\openout2 = `Short_Description.aux'.

 (./Short_Description.tex
<./Pictures/SSL_handshake_image.png, id=25, 1027.84pt x 770.88pt>
File: ./Pictures/SSL_handshake_image.png Graphic file (type png)

<use ./Pictures/SSL_handshake_image.png>
Package pdftex.def Info: ./Pictures/SSL_handshake_image.png used on input line 
7.
(pdftex.def)             Requested size: 209.12683pt x 156.84338pt.

Overfull \hbox (41.82793pt too wide) in paragraph at lines 7--8
 [] 
 []


Underfull \hbox (badness 1028) in paragraph at lines 12--15
[]\OT1/cmr/m/n/12 When you visit a web-site us-ing the https
 []


Underfull \hbox (badness 5175) in paragraph at lines 12--15
\OT1/cmr/m/it/12 SSL/TLS is just lay-ered on top of the
 []


Underfull \hbox (badness 10000) in paragraph at lines 12--15

 []

[5


 <./Pictures/SSL_handshake_image.png (PNG copy)>]) [6]
\openout2 = `Global_Description.aux'.


(./Global_Description.tex
<./Pictures/browservisualq.jpg, id=34, 674.52pt x 490.83376pt>
File: ./Pictures/browservisualq.jpg Graphic file (type jpg)

<use ./Pictures/browservisualq.jpg>
Package pdftex.def Info: ./Pictures/browservisualq.jpg used on input line 6.
(pdftex.def)             Requested size: 250.95476pt x 182.60924pt.

Overfull \hbox (41.82793pt too wide) in paragraph at lines 6--7
 [] 
 []


Underfull \hbox (badness 10000) in paragraph at lines 13--19

 []

[7


 <./Pictures/browservisualq.jpg>]) [8]
\openout2 = `Certificate_Authority.aux'.

 (./Certificate_Authority.tex

LaTeX Warning: Citation `EVCert' on page 9 undefined on input line 16.

[9


]
LaTeX Font Info:    Try loading font information for OMS+cmr on input line 18.
 (/usr/share/texmf-dist/tex/latex/base/omscmr.fd
File: omscmr.fd 1999/05/25 v2.5h Standard LaTeX font definitions
)
LaTeX Font Info:    Font shape `OMS/cmr/m/n' in size <12> not available
(Font)              Font shape `OMS/cmsy/m/n' tried instead on input line 18.


Package wrapfig Warning: wrapfigure used inside a conflicting environment on in
put line 23.

<./Pictures/endusercert.png, id=44, 451.6875pt x 562.1pt>
File: ./Pictures/endusercert.png Graphic file (type png)

<use ./Pictures/endusercert.png>
Package pdftex.def Info: ./Pictures/endusercert.png used on input line 26.
(pdftex.def)             Requested size: 167.2989pt x 208.19675pt.

Overfull \hbox (20.90758pt too wide) in paragraph at lines 26--27
 [] 
 []


Underfull \hbox (badness 10000) in paragraph at lines 35--39

 []

[10 <./Pictures/endusercert.png (PNG copy)>] [11]
<./Pictures/rootcert.png, id=52, 450.68375pt x 568.1225pt>
File: ./Pictures/rootcert.png Graphic file (type png)

<use ./Pictures/rootcert.png>
Package pdftex.def Info: ./Pictures/rootcert.png used on input line 99.
(pdftex.def)             Requested size: 167.2989pt x 210.89552pt.

Overfull \hbox (20.90758pt too wide) in paragraph at lines 99--100
 [] 
 []


Underfull \hbox (badness 10000) in paragraph at lines 95--103

 []


Underfull \hbox (badness 4608) in paragraph at lines 103--108
\OT1/cmr/m/n/12 However, there are dif-fer-ences, and in this
 []


Underfull \hbox (badness 7740) in paragraph at lines 103--108
\OT1/cmr/m/n/12 sec-tion we will go through the field and
 []


Underfull \hbox (badness 7685) in paragraph at lines 103--108
\OT1/cmr/m/n/12 val-ues that dif-fer be-tween the two cer-tifi-
 []


Underfull \hbox (badness 10000) in paragraph at lines 103--108

 []

[12 <./Pictures/rootcert.png (PNG copy)>]
Overfull \hbox (12.99324pt too wide) in paragraph at lines 121--122
[]\OT1/cmr/m/n/12 Since this is a Root Cer-tifi-cate this field con-tains the v
alue ''Sub-ject Type=CA''. 
 []


Underfull \hbox (badness 10000) in paragraph at lines 124--127

 []

[13]
Underfull \hbox (badness 10000) in paragraph at lines 135--138

 []


Underfull \hbox (badness 10000) in paragraph at lines 139--141

 []

)
Underfull \hbox (badness 10000) in paragraph at lines 146--116

 []

[14] [15]
\openout2 = `Bit_Level_Description.aux'.

 (./Bit_Level_Description.tex

LaTeX Warning: Citation `rfcSSLPreMasterSecret' on page 16 undefined on input l
ine 18.

[16


]

LaTeX Warning: Citation `rfcSSLMAC' on page 17 undefined on input line 22.

[17] [18] [19]
Overfull \hbox (7.76447pt too wide) in paragraph at lines 69--70
[]\OT1/cmr/m/n/12 verify[]data: This field should con-tain the out-put from a \
OT1/cmr/bx/n/12 pseudo-random
 []

[20] [21] [22] [23]
Overfull \hbox (40.5663pt too wide) in paragraph at lines 149--154
 [] 
 []


Overfull \hbox (65.36629pt too wide) in paragraph at lines 160--179
[]  
 []

[24] [25]
Overfull \hbox (3.68214pt too wide) in paragraph at lines 229--231
[]\OT1/cmr/m/n/12 Which we could then turn back into $\OML/cmm/m/it/12 N\OT1/cm
r/m/n/12 ([]  \OML/cmm/m/it/12 M\OT1/cmr/m/n/12 )$ like so: $\OML/cmm/m/it/12 c
[] \OT1/cmr/m/n/12 = \OML/cmm/m/it/12 N\OT1/cmr/m/n/12 ([]  \OML/cmm/m/it/12 M\
OT1/cmr/m/n/12 )$ 
 []

[26]
Overfull \hbox (24.45905pt too wide) in paragraph at lines 252--252
[]$\OML/cmm/m/it/12 P$ \OT1/cmr/m/n/12 and $\OML/cmm/m/it/12 Q$ \OT1/cmr/m/n/12
 must be rel-a-tively prime to $\OML/cmm/m/it/12 ^^^\OT1/cmr/m/n/12 (\OML/cmm/m
/it/12 M\OT1/cmr/m/n/12 )$ (24), which means that $[](\OML/cmm/m/it/12 P; ^^^\O
T1/cmr/m/n/12 (\OML/cmm/m/it/12 M\OT1/cmr/m/n/12 )) =
 []

[27] [28]
Overfull \hbox (53.87807pt too wide) in paragraph at lines 286--287
[]$\OML/cmm/m/it/12 MD\OT1/cmr/m/n/12 5(\OML/cmm/m/it/12 pre[]master[]secret \O
T1/cmr/m/n/12 + \OML/cmm/m/it/12 SHA\OT1/cmr/m/n/12 (\OML/cmm/m/it/12 S \OT1/cm
r/m/n/12 + \OML/cmm/m/it/12 pre[]master[]secret \OT1/cmr/m/n/12 + \OML/cmm/m/it
/12 Random[] \OT1/cmr/m/n/12 + \OML/cmm/m/it/12 Random[]\OT1/cmr/m/n/12 ))$ 
 []


LaTeX Warning: Citation `des3' on page 29 undefined on input line 294.

[29]

LaTeX Warning: Citation `tableWiki' on page 30 undefined on input line 306.


LaTeX Warning: Citation `des1' on page 30 undefined on input line 306.


LaTeX Warning: Citation `des3' on page 30 undefined on input line 306.


Overfull \hbox (30.94911pt too wide) in paragraph at lines 311--311
[]\OT1/cmr/bx/n/12 K \OT1/cmr/m/n/12 = 00000010 00000010 00000010 00000010 0000
0010 00000010 00000010 00000010 
 []


LaTeX Warning: Citation `des3' on page 30 undefined on input line 316.


LaTeX Warning: Citation `tableWiki' on page 30 undefined on input line 321.

[30]

LaTeX Warning: Citation `tableWiki' on page 31 undefined on input line 375.


LaTeX Warning: Citation `des3' on page 31 undefined on input line 375.


LaTeX Warning: Citation `des1' on page 31 undefined on input line 375.

[31]

LaTeX Warning: Citation `tableWiki' on page 32 undefined on input line 399.


LaTeX Warning: Citation `des2' on page 32 undefined on input line 399.


Overfull \hbox (33.18524pt too wide) in paragraph at lines 402--402
[]\OT1/cmr/bx/n/12 M \OT1/cmr/m/n/12 = 01000001 01000010 01000011 01000100 0100
0101 01000110 01000111 01001000 
 []


Overfull \hbox (34.62968pt too wide) in paragraph at lines 405--405
[]\OT1/cmr/bx/n/12 IP \OT1/cmr/m/n/12 = 11111111 00000000 01111000 01010101 000
00000 00000000 10000000 01100110 
 []

[32]

LaTeX Warning: Citation `des1' on page 33 undefined on input line 414.


LaTeX Warning: Citation `des2' on page 33 undefined on input line 414.


LaTeX Warning: Citation `des3' on page 33 undefined on input line 414.


LaTeX Warning: Citation `desWiki' on page 33 undefined on input line 414.


LaTeX Warning: Citation `feistelWiki' on page 33 undefined on input line 414.


LaTeX Warning: Citation `tableWiki' on page 33 undefined on input line 426.


LaTeX Warning: Citation `desWiki' on page 33 undefined on input line 426.


LaTeX Warning: Citation `des1' on page 33 undefined on input line 430.


LaTeX Warning: Citation `feistelWiki' on page 33 undefined on input line 430.


LaTeX Warning: Citation `tableWiki' on page 33 undefined on input line 430.


LaTeX Warning: Citation `desWiki' on page 33 undefined on input line 430.


LaTeX Warning: Citation `sboxWiki' on page 33 undefined on input line 430.

[33]

LaTeX Warning: Citation `tableWiki' on page 34 undefined on input line 432.

) [34]
\openout2 = `Analysis_Of_Recording.aux'.

 (./Analysis_Of_Recording.tex
<./Pictures/Recordings/ClientHello.PNG, id=130, 517.935pt x 11.29219pt>
File: ./Pictures/Recordings/ClientHello.PNG Graphic file (type png)

<use ./Pictures/Recordings/ClientHello.PNG>
Package pdftex.def Info: ./Pictures/Recordings/ClientHello.PNG used on input li
ne 8.
(pdftex.def)             Requested size: 418.25368pt x 9.1192pt.

<./Pictures/Recordings/TLSverson.PNG, id=131, 344.03531pt x 109.1578pt>
File: ./Pictures/Recordings/TLSverson.PNG Graphic file (type png)

<use ./Pictures/Recordings/TLSverson.PNG>
Package pdftex.def Info: ./Pictures/Recordings/TLSverson.PNG used on input line
 19.
(pdftex.def)             Requested size: 334.60422pt x 106.16609pt.

<./Pictures/Recordings/ClientRandom.PNG, id=132, 455.45157pt x 49.68562pt>
File: ./Pictures/Recordings/ClientRandom.PNG Graphic file (type png)

<use ./Pictures/Recordings/ClientRandom.PNG>
Package pdftex.def Info: ./Pictures/Recordings/ClientRandom.PNG used on input l
ine 31.
(pdftex.def)             Requested size: 418.25368pt x 45.62868pt.
 [35


 <./Pictures/Recordings/ClientHello.PNG> <./Pictures/Recordings/TLSverson.PNG> 
<./Pictures/Recordings/ClientRandom.PNG>]
<./Pictures/Recordings/ClientCipherSuits.PNG, id=139, 405.76593pt x 458.46281pt
>
File: ./Pictures/Recordings/ClientCipherSuits.PNG Graphic file (type png)
 <use ./Pictures/Recordings/ClientCipherSuits.PNG>
Package pdftex.def Info: ./Pictures/Recordings/ClientCipherSuits.PNG used on in
put line 42.
(pdftex.def)             Requested size: 334.60422pt x 378.06859pt.
 [36 <./Pictures/Recordings/ClientCipherSuits.PNG>]
<./Pictures/Recordings/ClientCurves.PNG, id=145, 246.1697pt x 97.86563pt>
File: ./Pictures/Recordings/ClientCurves.PNG Graphic file (type png)

<use ./Pictures/Recordings/ClientCurves.PNG>
Package pdftex.def Info: ./Pictures/Recordings/ClientCurves.PNG used on input l
ine 54.
(pdftex.def)             Requested size: 209.12683pt x 83.14285pt.

<./Pictures/Recordings/ClientECPointFormat.PNG, id=146, 238.64156pt x 71.51718p
t>
File: ./Pictures/Recordings/ClientECPointFormat.PNG Graphic file (type png)
 <use ./Pictures/Recordings/ClientECPointFormat.PNG>
Package pdftex.def Info: ./Pictures/Recordings/ClientECPointFormat.PNG used on 
input line 65.
(pdftex.def)             Requested size: 250.95476pt x 75.20654pt.

<./Pictures/Recordings/ServerHello.PNG, id=147, 513.41812pt x 12.7978pt>
File: ./Pictures/Recordings/ServerHello.PNG Graphic file (type png)

<use ./Pictures/Recordings/ServerHello.PNG>
Package pdftex.def Info: ./Pictures/Recordings/ServerHello.PNG used on input li
ne 78.
(pdftex.def)             Requested size: 418.25368pt x 10.4257pt.

<./Pictures/Recordings/ServerTLSVerson.PNG, id=148, 344.03531pt x 106.89937pt>
File: ./Pictures/Recordings/ServerTLSVerson.PNG Graphic file (type png)

<use ./Pictures/Recordings/ServerTLSVerson.PNG>
Package pdftex.def Info: ./Pictures/Recordings/ServerTLSVerson.PNG used on inpu
t line 89.
(pdftex.def)             Requested size: 334.60422pt x 103.96954pt.
 [37 <./Pictures/Recordings/ClientCurves.PNG> <./Pictures/Recordings/ClientECPo
intFormat.PNG> <./Pictures/Recordings/ServerHello.PNG>]
<./Pictures/Recordings/ServerRandom.PNG, id=155, 456.20438pt x 46.67438pt>
File: ./Pictures/Recordings/ServerRandom.PNG Graphic file (type png)

<use ./Pictures/Recordings/ServerRandom.PNG>
Package pdftex.def Info: ./Pictures/Recordings/ServerRandom.PNG used on input l
ine 100.
(pdftex.def)             Requested size: 418.25368pt x 42.79279pt.

<./Pictures/Recordings/ServerCipherSuite.PNG, id=156, 324.46219pt x 12.045pt>
File: ./Pictures/Recordings/ServerCipherSuite.PNG Graphic file (type png)

<use ./Pictures/Recordings/ServerCipherSuite.PNG>
Package pdftex.def Info: ./Pictures/Recordings/ServerCipherSuite.PNG used on in
put line 111.
(pdftex.def)             Requested size: 334.60422pt x 12.42227pt.

<./Pictures/Recordings/ServerECPointFormats.PNG, id=157, 322.20375pt x 96.36pt>
File: ./Pictures/Recordings/ServerECPointFormats.PNG Graphic file (type png)
<use ./Pictures/Recordings/ServerECPointFormats.PNG>
Package pdftex.def Info: ./Pictures/Recordings/ServerECPointFormats.PNG used on
 input line 123.
(pdftex.def)             Requested size: 334.60422pt x 100.07233pt.
 [38 <./Pictures/Recordings/ServerTLSVerson.PNG> <./Pictures/Recordings/ServerR
andom.PNG> <./Pictures/Recordings/ServerCipherSuite.PNG>]
<./Pictures/Recordings/Certificate.PNG, id=164, 513.41812pt x 12.045pt>
File: ./Pictures/Recordings/Certificate.PNG Graphic file (type png)

<use ./Pictures/Recordings/Certificate.PNG>
Package pdftex.def Info: ./Pictures/Recordings/Certificate.PNG used on input li
ne 134.
(pdftex.def)             Requested size: 418.25368pt x 9.81242pt.

<./Pictures/Recordings/CertificateTLSverson.PNG, id=165, 338.01282pt x 94.85437
pt>
File: ./Pictures/Recordings/CertificateTLSverson.PNG Graphic file (type png)
 <use ./Pictures/Recordings/CertificateTLSverson.PNG>
Package pdftex.def Info: ./Pictures/Recordings/CertificateTLSverson.PNG used on
 input line 145.
(pdftex.def)             Requested size: 334.60422pt x 93.90031pt.

<./Pictures/Recordings/CertificateCertificates.PNG, id=166, 1086.30844pt x 119.
69719pt>
File: ./Pictures/Recordings/CertificateCertificates.PNG Graphic file (type png)

 <use ./Pictures/Recordings/CertificateCertificates.PNG>
Package pdftex.def Info: ./Pictures/Recordings/CertificateCertificates.PNG used
 on input line 156.
(pdftex.def)             Requested size: 501.90312pt x 55.30428pt.

Overfull \hbox (83.64944pt too wide) in paragraph at lines 156--157
 [] 
 []

[39 <./Pictures/Recordings/ServerECPointFormats.PNG> <./Pictures/Recordings/Cer
tificate.PNG> <./Pictures/Recordings/CertificateTLSverson.PNG>]
<./Pictures/Recordings/CertificateECDiffieHellmanServerParams.PNG, id=173, 404.
26031pt x 85.06781pt>
File: ./Pictures/Recordings/CertificateECDiffieHellmanServerParams.PNG Graphic 
file (type png)

<use ./Pictures/Recordings/CertificateECDiffieHellmanServerParams.PNG>
Package pdftex.def Info: ./Pictures/Recordings/CertificateECDiffieHellmanServer
Params.PNG used on input line 168.
(pdftex.def)             Requested size: 418.25368pt x 88.01411pt.

<./Pictures/Recordings/CertificateServerKeyExchange.PNG, id=174, 387.69844pt x 
95.6072pt>
File: ./Pictures/Recordings/CertificateServerKeyExchange.PNG Graphic file (type
 png)
 <use ./Pictures/Recordings/CertificateServerKeyExchange.PNG>
Package pdftex.def Info: ./Pictures/Recordings/CertificateServerKeyExchange.PNG
 used on input line 181.
(pdftex.def)             Requested size: 334.60422pt x 82.51526pt.

[40 <./Pictures/Recordings/CertificateCertificates.PNG> <./Pictures/Recordings/
CertificateECDiffieHellmanServerParams.PNG> <./Pictures/Recordings/CertificateS
erverKeyExchange.PNG>]
<./Pictures/Recordings/ServerHelloDone.PNG, id=181, 362.10281pt x 87.32625pt>
File: ./Pictures/Recordings/ServerHelloDone.PNG Graphic file (type png)

<use ./Pictures/Recordings/ServerHelloDone.PNG>
Package pdftex.def Info: ./Pictures/Recordings/ServerHelloDone.PNG used on inpu
t line 192.
(pdftex.def)             Requested size: 334.60422pt x 80.69556pt.

<./Pictures/Recordings/ClientKeyExchange.PNG, id=182, 853.68938pt x 12.045pt>
File: ./Pictures/Recordings/ClientKeyExchange.PNG Graphic file (type png)

<use ./Pictures/Recordings/ClientKeyExchange.PNG>
Package pdftex.def Info: ./Pictures/Recordings/ClientKeyExchange.PNG used on in
put line 202.
(pdftex.def)             Requested size: 418.25368pt x 5.90135pt.

<./Pictures/Recordings/ClientKeyExchangeVerson.PNG, id=183, 389.20406pt x 94.85
437pt>
File: ./Pictures/Recordings/ClientKeyExchangeVerson.PNG Graphic file (type png)

 <use ./Pictures/Recordings/ClientKeyExchangeVerson.PNG>
Package pdftex.def Info: ./Pictures/Recordings/ClientKeyExchangeVerson.PNG used
 on input line 211.
(pdftex.def)             Requested size: 334.60422pt x 81.54999pt.

<./Pictures/Recordings/ClientKeyExchangeDiffieHellmanClientParams.PNG, id=184, 
400.49625pt x 37.64063pt>
File: ./Pictures/Recordings/ClientKeyExchangeDiffieHellmanClientParams.PNG Grap
hic file (type png)

<use ./Pictures/Recordings/ClientKeyExchangeDiffieHellmanClientParams.PNG>
Package pdftex.def Info: ./Pictures/Recordings/ClientKeyExchangeDiffieHellmanCl
ientParams.PNG used on input line 220.
(pdftex.def)             Requested size: 418.25368pt x 39.31186pt.

[41 <./Pictures/Recordings/ServerHelloDone.PNG> <./Pictures/Recordings/ClientKe
yExchange.PNG> <./Pictures/Recordings/ClientKeyExchangeVerson.PNG> <./Pictures/
Recordings/ClientKeyExchangeDiffieHellmanClientParams.PNG>]
<./Pictures/Recordings/ClientKeyExchangeChangeCipher.PNG, id=192, 426.84468pt x
 123.46124pt>
File: ./Pictures/Recordings/ClientKeyExchangeChangeCipher.PNG Graphic file (typ
e png)
 <use ./Pictures/Recordings/ClientKeyExchangeChangeCipher.PNG>
Package pdftex.def Info: ./Pictures/Recordings/ClientKeyExchangeChangeCipher.PN
G used on input line 233.
(pdftex.def)             Requested size: 418.25368pt x 120.98363pt.

<./Pictures/Recordings/NewSessionTicket.PNG, id=193, 955.31906pt x 11.29219pt>
File: ./Pictures/Recordings/NewSessionTicket.PNG Graphic file (type png)

<use ./Pictures/Recordings/NewSessionTicket.PNG>
Package pdftex.def Info: ./Pictures/Recordings/NewSessionTicket.PNG used on inp
ut line 244.
(pdftex.def)             Requested size: 418.25368pt x 4.94376pt.

Overfull \hbox (0.66728pt too wide) in paragraph at lines 249--250
[]\OT1/cmr/m/n/12 The client re-quests to start a new ses-sion af-ter the hand-
shake to trans-fer data. 
 []


<./Pictures/Recordings/ClientSessionTicket.PNG, id=194, 225.09094pt x 46.67438p
t>
File: ./Pictures/Recordings/ClientSessionTicket.PNG Graphic file (type png)
 <use ./Pictures/Recordings/ClientSessionTicket.PNG>
Package pdftex.def Info: ./Pictures/Recordings/ClientSessionTicket.PNG used on 
input line 255.
(pdftex.def)             Requested size: 250.95476pt x 52.03989pt.

<./Pictures/Recordings/ApplicationData.PNG, id=195, 544.28343pt x 36.135pt>
File: ./Pictures/Recordings/ApplicationData.PNG Graphic file (type png)

<use ./Pictures/Recordings/ApplicationData.PNG>
Package pdftex.def Info: ./Pictures/Recordings/ApplicationData.PNG used on inpu
t line 264.
(pdftex.def)             Requested size: 418.25368pt x 27.76778pt.
 [42 <./Pictures/Recordings/ClientKeyExchangeChangeCipher.PNG> <./Pictures/Reco
rdings/NewSessionTicket.PNG> <./Pictures/Recordings/ClientSessionTicket.PNG>]) 
[43 <./Pictures/Recordings/ApplicationData.PNG>]
\openout2 = `Attacks_Against_SSL.aux'.

 (./Attacks_Against_SSL.tex

LaTeX Warning: Citation `theregisterBEAST' on page 44 undefined on input line 1
2.

[44


]

LaTeX Warning: Citation `sslrollbackattack' on page 45 undefined on input line 
21.


LaTeX Warning: Citation `sslddosattack' on page 45 undefined on input line 28.

[45]) [46]
\openout2 = `Graphical_Representation.aux'.

 (./Graphical_Representation.tex
File: ./Pictures/SSL_handshake_image.png Graphic file (type png)

<use ./Pictures/SSL_handshake_image.png>
Package pdftex.def Info: ./Pictures/SSL_handshake_image.png used on input line 
4.
(pdftex.def)             Requested size: 418.25368pt x 313.68678pt.

<./Pictures/what-is-ssl-connection-process.png, id=216, 702.625pt x 738.76pt>
File: ./Pictures/what-is-ssl-connection-process.png Graphic file (type png)

<use ./Pictures/what-is-ssl-connection-process.png>
Package pdftex.def Info: ./Pictures/what-is-ssl-connection-process.png used on 
input line 12.
(pdftex.def)             Requested size: 418.25368pt x 439.77618pt.
 [47


]
<./Pictures/Asymmetric_encryption.jpg, id=220, 602.25pt x 180.675pt>
File: ./Pictures/Asymmetric_encryption.jpg Graphic file (type jpg)

<use ./Pictures/Asymmetric_encryption.jpg>
Package pdftex.def Info: ./Pictures/Asymmetric_encryption.jpg used on input lin
e 20.
(pdftex.def)             Requested size: 334.60422pt x 100.38608pt.
 [48 <./Pictures/what-is-ssl-connection-process.png (PNG copy)>]
<./Pictures/symmetric_encryption.jpg, id=225, 602.25pt x 180.675pt>
File: ./Pictures/symmetric_encryption.jpg Graphic file (type jpg)

<use ./Pictures/symmetric_encryption.jpg>
Package pdftex.def Info: ./Pictures/symmetric_encryption.jpg used on input line
 30.
(pdftex.def)             Requested size: 334.60422pt x 100.38608pt.

<./Pictures/pki-overview.png, id=226, 501.875pt x 355.3275pt>
File: ./Pictures/pki-overview.png Graphic file (type png)

<use ./Pictures/pki-overview.png>
Package pdftex.def Info: ./Pictures/pki-overview.png used on input line 38.
(pdftex.def)             Requested size: 334.60422pt x 236.91331pt.
 [49 <./Pictures/Asymmetric_encryption.jpg> <./Pictures/symmetric_encryption.jp
g>]
<./Pictures/green_bar.PNG, id=231, 508.14844pt x 90.3375pt>
File: ./Pictures/green_bar.PNG Graphic file (type png)

<use ./Pictures/green_bar.PNG>
Package pdftex.def Info: ./Pictures/green_bar.PNG used on input line 48.
(pdftex.def)             Requested size: 418.25368pt x 74.35841pt.
) [50 <./Pictures/pki-overview.png> <./Pictures/green_bar.PNG>] (./SSL Project.
bbl
Underfull \hbox (badness 2318) in paragraph at lines 34--40
[]\OT1/cmr/m/n/12 Kelly Jack-son Hig-gins.  Dig-i-tal cer-tifi-cate au-thor-ity
 hacked, dozens
 []


Underfull \hbox (badness 3354) in paragraph at lines 34--40
\OT1/cmr/m/n/12 of phony dig-i-tal cer-tifi-cates is-sued.  $\OT1/cmtt/m/n/12 h
ttp : / / www . darkreading . com /
 []


Underfull \hbox (badness 10000) in paragraph at lines 34--40
\OT1/cmtt/m/n/12 attacks-[]breaches / digital-[]certificate-[]authority-[]hacke
d-[]doz /
 []


Underfull \hbox (badness 10000) in paragraph at lines 63--67
[]\OT1/cmr/m/n/12 Symantec.  Green bar overview.  $\OT1/cmtt/m/n/12 http : / / 
www . symantec .
 []


Underfull \hbox (badness 10000) in paragraph at lines 63--67
\OT1/cmtt/m/n/12 com / content / en / us / enterprise / images / theme / verisi
gn /
 []

[51

] [52]
Underfull \hbox (badness 4328) in paragraph at lines 177--182
[]\OT1/cmr/m/n/12 Martin E. Hell-man Whit-field Diffie.  New di-rec-tions in cr
yp-tog-
 []


Underfull \hbox (badness 1527) in paragraph at lines 190--194
\OT1/cmr/m/n/12 mode.  $\OT1/cmtt/m/n/12 http : / / xml2rfc . tools . ietf . or
g / html / rfc2631 \ #section-[]2 . 4$\OT1/cmr/m/n/12 .
 []

[53]
Underfull \hbox (badness 6300) in paragraph at lines 203--208
[]\OT1/cmr/m/n/12 Jeff Forbes.  Comp-sci 1: Prin-ci-ples of com-puter sci-ence,
 lec-
 []


Underfull \hbox (badness 2181) in paragraph at lines 203--208
\OT1/cmr/m/n/12 ture 13.  $\OT1/cmtt/m/n/12 http : / / www . cs . duke . edu / 
courses / spring07 / cps001 / notes /
 []

[54]
Underfull \hbox (badness 2922) in paragraph at lines 278--284
[]\OT1/cmr/m/n/12 ArsTechnica.  Crack in in-ter-net's foun-da-tion of trust al-
lows https
 []


Underfull \hbox (badness 10000) in paragraph at lines 278--284
\OT1/cmr/m/n/12 ses-sion hi-jack-ing.  $\OT1/cmtt/m/n/12 http : / / arstechnica
 . com / security / 2012 / 09 /
 []


Underfull \hbox (badness 10000) in paragraph at lines 286--291
[]\OT1/cmr/m/n/12 ArsTechnica.  ''lucky thir-teen'' at-tack snarfs cook-ies pro
-tected
 []


Underfull \hbox (badness 10000) in paragraph at lines 286--291
\OT1/cmr/m/n/12 by ssl en-cryp-tion.  $\OT1/cmtt/m/n/12 http : / / arstechnica 
. com / security / 2013 / 02 /
 []


Overfull \hbox (8.3629pt too wide) in paragraph at lines 286--291
\OT1/cmtt/m/n/12 lucky-[]thirteen-[]attack-[]snarfs-[]cookies-[]protected-[]by-
[]ssl-[]encryption$\OT1/cmr/m/n/12 .
 []

) [55] (./SSL Project.aux (./Introduction.aux) (./Short_Description.aux)
(./Global_Description.aux) (./Certificate_Authority.aux)
(./Bit_Level_Description.aux) (./Analysis_Of_Recording.aux)
(./Attacks_Against_SSL.aux) (./Graphical_Representation.aux))

LaTeX Warning: There were undefined references.


LaTeX Warning: There were multiply-defined labels.

 ) 
Here is how much of TeX's memory you used:
 4453 strings out of 493488
 65812 string characters out of 3146892
 226832 words of memory out of 3000000
 7574 multiletter control sequences out of 15000+200000
 10572 words of font info for 37 fonts, out of 3000000 for 9000
 957 hyphenation exceptions out of 8191
 38i,20n,39p,1050b,324s stack positions out of 5000i,500n,10000p,200000b,50000s
</usr/share/texmf-dist/fonts/type1/public/amsfonts/cm/cmbx12.pfb></usr/share/
texmf-dist/fonts/type1/public/amsfonts/cm/cmcsc10.pfb></usr/share/texmf-dist/fo
nts/type1/public/amsfonts/cm/cmmi12.pfb></usr/share/texmf-dist/fonts/type1/publ
ic/amsfonts/cm/cmmi8.pfb></usr/share/texmf-dist/fonts/type1/public/amsfonts/cm/
cmr12.pfb></usr/share/texmf-dist/fonts/type1/public/amsfonts/cm/cmr8.pfb></usr/
share/texmf-dist/fonts/type1/public/amsfonts/cm/cmsy10.pfb></usr/share/texmf-di
st/fonts/type1/public/amsfonts/cm/cmsy8.pfb></usr/share/texmf-dist/fonts/type1/
public/amsfonts/cm/cmti12.pfb></usr/share/texmf-dist/fonts/type1/public/amsfont
s/cm/cmti8.pfb></usr/share/texmf-dist/fonts/type1/public/amsfonts/cm/cmtt12.pfb
>
Output written on "SSL Project.pdf" (56 pages, 1076972 bytes).
PDF statistics:
 292 PDF objects out of 1000 (max. 8388607)
 160 compressed objects within 2 object streams
 0 named destinations out of 1000 (max. 500000)
 171 words of extra memory for PDF output out of 10000 (max. 10000000)

